<?xml version="1.0" encoding="UTF-8"?>
<!-- Generated by org.testng.reporters.JUnitReportReporter -->
<testsuite hostname="DESKTOP-LVNNG7C" failures="0" tests="1" name="com.qa.tn_part_one_HomePage_testCase.HomePage_Test" time="5.512" errors="0" timestamp="2024-01-12T03:26:11 EST" skipped="0">
  <testcase classname="com.qa.tn_part_one_HomePage_testCase.HomePage_Test" name="verifySearchWithValidProduct" time="5.512"/>
</testsuite> <!-- com.qa.tn_part_one_HomePage_testCase.HomePage_Test -->
